<?xml version="1.0" encoding="UTF-8"?>
<!-- Generated by org.testng.reporters.JUnitXMLReporter -->
<testsuite ignored="0" hostname="DESKTOP-7EUDCAL" failures="0" tests="3" name="Test" time="9.944" errors="0" timestamp="2022-07-25T11:55:41 GMT-04:00">
  <testcase classname="com.sauce.testcases.AddTocartTest" name="addtocarttest" time="4.318"/>
  <testcase classname="com.sauce.testcases.LoginTest" name="invalidlogintest" time="2.289"/>
  <testcase classname="com.sauce.testcases.LoginTest" name="logintest" time="2.425"/>
</testsuite> <!-- Test -->
