<?xml version="1.0" encoding="UTF-8"?>
<testng-results ignored="0" total="1" passed="1" failed="0" skipped="0">
  <reporter-output>
  </reporter-output>
  <suite started-at="2022-07-21T11:41:45 GMT-04:00" name="Default suite" finished-at="2022-07-21T11:41:53 GMT-04:00" duration-ms="7902">
    <groups>
    </groups>
    <test started-at="2022-07-21T11:41:45 GMT-04:00" name="Default test" finished-at="2022-07-21T11:41:53 GMT-04:00" duration-ms="7902">
      <class name="com.sample.maven.LogOutTest">
        <test-method signature="logout()[pri:0, instance:com.sample.maven.LogOutTest@7fee8714]" started-at="2022-07-21T11:41:45 GMT-04:00" name="logout" finished-at="2022-07-21T11:41:53 GMT-04:00" duration-ms="7856" status="PASS">
          <reporter-output>
          </reporter-output>
        </test-method> <!-- logout -->
      </class> <!-- com.sample.maven.LogOutTest -->
    </test> <!-- Default test -->
  </suite> <!-- Default suite -->
</testng-results>
