<?xml version="1.0" encoding="UTF-8"?>
<!-- Generated by org.testng.reporters.JUnitXMLReporter -->
<testsuite ignored="0" hostname="DESKTOP-7EUDCAL" failures="0" tests="3" name="SAUCE TEST" time="15.574" errors="0" timestamp="2022-07-21T10:30:04 GMT-04:00">
  <testcase classname="com.sauce.tests.AddToCartTest" name="addtocartTest" time="5.861"/>
  <testcase classname="com.sauce.tests.LoginTest" name="login" time="4.264"/>
  <testcase classname="com.sauce.tests.LogOutTest" name="logout" time="5.387"/>
</testsuite> <!-- SAUCE TEST -->
