<?xml version="1.0" encoding="UTF-8"?>
<!-- Generated by org.testng.reporters.JUnitXMLReporter -->
<testsuite ignored="0" hostname="DESKTOP-7EUDCAL" failures="0" tests="4" name="Test" time="25.034" errors="0" timestamp="2022-07-21T10:34:25 GMT-04:00">
  <testcase classname="com.sauce.tests.AddToCartTest" name="addtocartTest" time="6.121"/>
  <testcase classname="com.sauce.tests.LogOutTest" name="logout" time="5.382"/>
  <testcase classname="com.sauce.tests.LoginTest" name="login" time="4.25"/>
  <testcase classname="com.sauce.tests.LoginTest" name="login1" time="9.223"/>
</testsuite> <!-- Test -->
