<?xml version="1.0" encoding="UTF-8"?>
<testng-results ignored="0" total="3" passed="3" failed="0" skipped="0">
  <reporter-output>
  </reporter-output>
  <suite started-at="2022-07-25T11:55:31 GMT-04:00" name="Suite" finished-at="2022-07-25T11:55:41 GMT-04:00" duration-ms="9944">
    <groups>
    </groups>
    <test started-at="2022-07-25T11:55:31 GMT-04:00" name="Test" finished-at="2022-07-25T11:55:41 GMT-04:00" duration-ms="9944">
      <class name="com.sauce.testcases.LoginTest">
        <test-method signature="invalidlogintest()[pri:0, instance:com.sauce.testcases.LoginTest@f0c8a99]" started-at="2022-07-25T11:55:36 GMT-04:00" name="invalidlogintest" finished-at="2022-07-25T11:55:38 GMT-04:00" duration-ms="2289" status="PASS">
          <reporter-output>
          </reporter-output>
        </test-method> <!-- invalidlogintest -->
        <test-method is-config="true" signature="close()[pri:0, instance:com.sauce.testcases.LoginTest@f0c8a99]" started-at="2022-07-25T11:55:38 GMT-04:00" name="close" finished-at="2022-07-25T11:55:38 GMT-04:00" duration-ms="246" status="PASS">
          <reporter-output>
          </reporter-output>
        </test-method> <!-- close -->
        <test-method signature="logintest()[pri:0, instance:com.sauce.testcases.LoginTest@f0c8a99]" started-at="2022-07-25T11:55:38 GMT-04:00" name="logintest" finished-at="2022-07-25T11:55:41 GMT-04:00" duration-ms="2425" status="PASS">
          <reporter-output>
          </reporter-output>
        </test-method> <!-- logintest -->
        <test-method is-config="true" signature="close()[pri:0, instance:com.sauce.testcases.LoginTest@f0c8a99]" started-at="2022-07-25T11:55:41 GMT-04:00" name="close" finished-at="2022-07-25T11:55:41 GMT-04:00" duration-ms="315" status="PASS">
          <reporter-output>
          </reporter-output>
        </test-method> <!-- close -->
      </class> <!-- com.sauce.testcases.LoginTest -->
      <class name="com.sauce.testcases.AddTocartTest">
        <test-method signature="addtocarttest()[pri:0, instance:com.sauce.testcases.AddTocartTest@1ed6388a]" started-at="2022-07-25T11:55:31 GMT-04:00" name="addtocarttest" finished-at="2022-07-25T11:55:35 GMT-04:00" duration-ms="4318" status="PASS">
          <reporter-output>
          </reporter-output>
        </test-method> <!-- addtocarttest -->
        <test-method is-config="true" signature="close()[pri:0, instance:com.sauce.testcases.AddTocartTest@1ed6388a]" started-at="2022-07-25T11:55:35 GMT-04:00" name="close" finished-at="2022-07-25T11:55:36 GMT-04:00" duration-ms="269" status="PASS">
          <reporter-output>
          </reporter-output>
        </test-method> <!-- close -->
      </class> <!-- com.sauce.testcases.AddTocartTest -->
    </test> <!-- Test -->
  </suite> <!-- Suite -->
</testng-results>
