<?xml version="1.0" encoding="UTF-8"?>
<testng-results ignored="0" total="2" passed="2" failed="0" skipped="0">
  <reporter-output>
  </reporter-output>
  <suite started-at="2022-07-15T22:09:02 GMT-04:00" name="Default suite" finished-at="2022-07-15T22:09:09 GMT-04:00" duration-ms="6814">
    <groups>
    </groups>
    <test started-at="2022-07-15T22:09:02 GMT-04:00" name="Default test" finished-at="2022-07-15T22:09:09 GMT-04:00" duration-ms="6814">
      <class name="com.janbask.testcases.LoginTest">
        <test-method signature="invalidlogintest()[pri:0, instance:com.janbask.testcases.LoginTest@52b1beb6]" started-at="2022-07-15T22:09:02 GMT-04:00" name="invalidlogintest" finished-at="2022-07-15T22:09:06 GMT-04:00" duration-ms="3926" status="PASS">
          <reporter-output>
          </reporter-output>
        </test-method> <!-- invalidlogintest -->
        <test-method is-config="true" signature="teardown()[pri:0, instance:com.janbask.testcases.LoginTest@52b1beb6]" started-at="2022-07-15T22:09:06 GMT-04:00" name="teardown" finished-at="2022-07-15T22:09:07 GMT-04:00" duration-ms="256" status="PASS">
          <reporter-output>
          </reporter-output>
        </test-method> <!-- teardown -->
        <test-method signature="logintest()[pri:0, instance:com.janbask.testcases.LoginTest@52b1beb6]" started-at="2022-07-15T22:09:07 GMT-04:00" name="logintest" finished-at="2022-07-15T22:09:09 GMT-04:00" duration-ms="2331" status="PASS">
          <reporter-output>
          </reporter-output>
        </test-method> <!-- logintest -->
        <test-method is-config="true" signature="teardown()[pri:0, instance:com.janbask.testcases.LoginTest@52b1beb6]" started-at="2022-07-15T22:09:09 GMT-04:00" name="teardown" finished-at="2022-07-15T22:09:09 GMT-04:00" duration-ms="236" status="PASS">
          <reporter-output>
          </reporter-output>
        </test-method> <!-- teardown -->
      </class> <!-- com.janbask.testcases.LoginTest -->
    </test> <!-- Default test -->
  </suite> <!-- Default suite -->
</testng-results>
