<?xml version="1.0" encoding="UTF-8"?>
<testng-results ignored="0" total="4" passed="4" failed="0" skipped="0">
  <reporter-output>
  </reporter-output>
  <suite started-at="2022-07-21T10:34:00 GMT-04:00" name="Suite" finished-at="2022-07-21T10:34:25 GMT-04:00" duration-ms="25034">
    <groups>
    </groups>
    <test started-at="2022-07-21T10:34:00 GMT-04:00" name="Test" finished-at="2022-07-21T10:34:25 GMT-04:00" duration-ms="25034">
      <class name="com.sauce.tests.LoginTest">
        <test-method signature="login()[pri:0, instance:com.sauce.tests.LoginTest@49dc7102]" started-at="2022-07-21T10:34:11 GMT-04:00" name="login" finished-at="2022-07-21T10:34:16 GMT-04:00" duration-ms="4250" status="PASS">
          <reporter-output>
          </reporter-output>
        </test-method> <!-- login -->
        <test-method signature="login1()[pri:0, instance:com.sauce.tests.LoginTest@49dc7102]" started-at="2022-07-21T10:34:16 GMT-04:00" name="login1" finished-at="2022-07-21T10:34:25 GMT-04:00" duration-ms="9223" status="PASS">
          <reporter-output>
          </reporter-output>
        </test-method> <!-- login1 -->
      </class> <!-- com.sauce.tests.LoginTest -->
      <class name="com.sauce.tests.AddToCartTest">
        <test-method signature="addtocartTest()[pri:0, instance:com.sauce.tests.AddToCartTest@3541cb24]" started-at="2022-07-21T10:34:00 GMT-04:00" name="addtocartTest" finished-at="2022-07-21T10:34:06 GMT-04:00" duration-ms="6121" status="PASS">
          <reporter-output>
          </reporter-output>
        </test-method> <!-- addtocartTest -->
      </class> <!-- com.sauce.tests.AddToCartTest -->
      <class name="com.sauce.tests.LogOutTest">
        <test-method signature="logout()[pri:0, instance:com.sauce.tests.LogOutTest@7671cb68]" started-at="2022-07-21T10:34:06 GMT-04:00" name="logout" finished-at="2022-07-21T10:34:11 GMT-04:00" duration-ms="5382" status="PASS">
          <reporter-output>
          </reporter-output>
        </test-method> <!-- logout -->
      </class> <!-- com.sauce.tests.LogOutTest -->
    </test> <!-- Test -->
  </suite> <!-- Suite -->
</testng-results>
