<?xml version="1.0" encoding="UTF-8"?>
<testng-results ignored="0" total="2" passed="2" failed="0" skipped="0">
  <reporter-output>
  </reporter-output>
  <suite started-at="2022-07-19T11:58:58 GMT-04:00" name="Default suite" finished-at="2022-07-19T11:58:58 GMT-04:00" duration-ms="135">
    <groups>
    </groups>
    <test started-at="2022-07-19T11:58:58 GMT-04:00" name="Default test" finished-at="2022-07-19T11:58:58 GMT-04:00" duration-ms="135">
      <class name="Sample">
        <test-method signature="m1()[pri:0, instance:Sample@776b83cc]" started-at="2022-07-19T11:58:58 GMT-04:00" name="m1" finished-at="2022-07-19T11:58:58 GMT-04:00" duration-ms="20" status="PASS">
          <reporter-output>
          </reporter-output>
        </test-method> <!-- m1 -->
        <test-method signature="m3()[pri:0, instance:Sample@776b83cc]" started-at="2022-07-19T11:58:58 GMT-04:00" name="m3" finished-at="2022-07-19T11:58:58 GMT-04:00" duration-ms="3" status="PASS">
          <reporter-output>
          </reporter-output>
        </test-method> <!-- m3 -->
      </class> <!-- Sample -->
    </test> <!-- Default test -->
  </suite> <!-- Default suite -->
</testng-results>
